{
"/Users/kdodds/Developer/react-example/app/screens/Home/index.js":{"path":"/Users/kdodds/Developer/react-example/app/screens/Home/index.js","s":{"1":1,"2":0,"3":0,"4":0,"5":0},"b":{},"f":{"1":0,"2":0,"3":0,"4":0,"5":0,"6":0},"statementMap":{"1":{"start":{"line":3,"column":0},"end":{"line":38,"column":3}},"2":{"start":{"line":9,"column":4},"end":{"line":9,"column":23}},"3":{"start":{"line":10,"column":4},"end":{"line":10,"column":68}},"4":{"start":{"line":14,"column":4},"end":{"line":36,"column":6}},"5":{"start":{"line":23,"column":28},"end":{"line":23,"column":45}}},"fnMap":{"1":{"name":null,"line":23,"loc":{"start":{"line":23,"column":21},"end":{"line":23,"column":45}}},"2":{"name":null,"line":23,"loc":{"start":{"line":23,"column":21},"end":{"line":23,"column":45}}},"3":{"name":null,"line":23,"loc":{"start":{"line":23,"column":21},"end":{"line":23,"column":45}}},"4":{"name":null,"line":23,"loc":{"start":{"line":23,"column":21},"end":{"line":23,"column":45}}},"5":{"name":null,"line":23,"loc":{"start":{"line":23,"column":21},"end":{"line":23,"column":45}}},"6":{"name":null,"line":23,"loc":{"start":{"line":23,"column":21},"end":{"line":23,"column":45}}}},"branchMap":{},"hash":"090471e627caedb4ef1cdc3b1c4fa082","l":{"3":1,"9":0,"10":0,"14":0,"23":0}},
"/Users/kdodds/Developer/react-example/app/screens/User/components/ProfileStat.js":{"path":"/Users/kdodds/Developer/react-example/app/screens/User/components/ProfileStat.js","s":{"1":3,"2":0},"b":{},"f":{},"statementMap":{"1":{"start":{"line":3,"column":0},"end":{"line":17,"column":3}},"2":{"start":{"line":10,"column":4},"end":{"line":15,"column":6}}},"fnMap":{},"branchMap":{},"hash":"a7350730341cf72d4d620d456d1db1c8","l":{"3":3,"10":0}},
"/Users/kdodds/Developer/react-example/app/screens/User/components/Profile.js":{"path":"/Users/kdodds/Developer/react-example/app/screens/User/components/Profile.js","s":{"1":2,"2":2,"3":0,"4":0,"5":0,"6":0,"7":0,"8":0,"9":0,"10":0,"11":0,"12":0,"13":0},"b":{"1":[0,0]},"f":{"1":0,"2":0},"statementMap":{"1":{"start":{"line":6,"column":0},"end":{"line":80,"column":3}},"2":{"start":{"line":12,"column":4},"end":{"line":14,"column":6}},"3":{"start":{"line":18,"column":4},"end":{"line":21,"column":6}},"4":{"start":{"line":25,"column":4},"end":{"line":25,"column":32}},"5":{"start":{"line":25,"column":21},"end":{"line":25,"column":31}},"6":{"start":{"line":26,"column":4},"end":{"line":35,"column":10}},"7":{"start":{"line":31,"column":8},"end":{"line":34,"column":11}},"8":{"start":{"line":39,"column":4},"end":{"line":39,"column":19}},"9":{"start":{"line":43,"column":4},"end":{"line":43,"column":24}},"10":{"start":{"line":47,"column":4},"end":{"line":55,"column":7}},"11":{"start":{"line":48,"column":6},"end":{"line":54,"column":8}},"12":{"start":{"line":59,"column":15},"end":{"line":59,"column":30}},"13":{"start":{"line":60,"column":4},"end":{"line":78,"column":6}}},"fnMap":{"1":{"name":null,"line":30,"loc":{"start":{"line":30,"column":25},"end":{"line":35,"column":7}}},"2":{"name":null,"line":47,"loc":{"start":{"line":47,"column":31},"end":{"line":55,"column":5}}}},"branchMap":{"1":{"line":25,"type":"binary-expr","locations":[{"start":{"line":25,"column":12},"end":{"line":25,"column":17}},{"start":{"line":25,"column":12},"end":{"line":25,"column":17}}]}},"hash":"75a1bcb3c424a9445ddae33c8109acd8","l":{"6":2,"12":2,"18":0,"25":0,"26":0,"31":0,"39":0,"43":0,"47":0,"48":0,"59":0,"60":0}},
"/Users/kdodds/Developer/react-example/app/screens/User/components/RepoFilter.js":{"path":"/Users/kdodds/Developer/react-example/app/screens/User/components/RepoFilter.js","s":{"1":2,"2":2,"3":0,"4":0,"5":0},"b":{},"f":{"1":0,"2":0,"3":0},"statementMap":{"1":{"start":{"line":3,"column":0},"end":{"line":31,"column":3}},"2":{"start":{"line":9,"column":4},"end":{"line":11,"column":6}},"3":{"start":{"line":15,"column":4},"end":{"line":15,"column":42}},"4":{"start":{"line":19,"column":4},"end":{"line":29,"column":6}},"5":{"start":{"line":25,"column":22},"end":{"line":25,"column":39}}},"fnMap":{"1":{"name":null,"line":25,"loc":{"start":{"line":25,"column":15},"end":{"line":25,"column":39}}},"2":{"name":null,"line":25,"loc":{"start":{"line":25,"column":15},"end":{"line":25,"column":39}}},"3":{"name":null,"line":25,"loc":{"start":{"line":25,"column":15},"end":{"line":25,"column":39}}}},"branchMap":{},"hash":"2a5e7886cea7618c279eeb095ab89128","l":{"3":2,"9":2,"15":0,"19":0,"25":0}},
"/Users/kdodds/Developer/react-example/app/screens/User/components/RepoListItem.js":{"path":"/Users/kdodds/Developer/react-example/app/screens/User/components/RepoListItem.js","s":{"1":3,"2":3,"3":0,"4":0},"b":{},"f":{},"statementMap":{"1":{"start":{"line":4,"column":0},"end":{"line":30,"column":3}},"2":{"start":{"line":10,"column":4},"end":{"line":12,"column":6}},"3":{"start":{"line":16,"column":15},"end":{"line":16,"column":30}},"4":{"start":{"line":17,"column":4},"end":{"line":28,"column":6}}},"fnMap":{},"branchMap":{},"hash":"ce023b23b4d80300f1893c5fa1fc2096","l":{"4":3,"10":3,"16":0,"17":0}},
"/Users/kdodds/Developer/react-example/app/screens/User/components/RepoList.js":{"path":"/Users/kdodds/Developer/react-example/app/screens/User/components/RepoList.js","s":{"1":2,"2":2,"3":0,"4":0,"5":0,"6":0,"7":0,"8":0,"9":0,"10":0,"11":0,"12":0,"13":0,"14":0,"15":0,"16":0,"17":0,"18":0,"19":0,"20":0,"21":0},"b":{"1":[0,0],"2":[0,0],"3":[0,0],"4":[0,0],"5":[0,0],"6":[0,0]},"f":{"1":0,"2":0,"3":0,"4":0},"statementMap":{"1":{"start":{"line":5,"column":0},"end":{"line":61,"column":3}},"2":{"start":{"line":12,"column":4},"end":{"line":15,"column":6}},"3":{"start":{"line":19,"column":4},"end":{"line":21,"column":6}},"4":{"start":{"line":25,"column":4},"end":{"line":25,"column":32}},"5":{"start":{"line":25,"column":21},"end":{"line":25,"column":31}},"6":{"start":{"line":26,"column":4},"end":{"line":31,"column":9}},"7":{"start":{"line":28,"column":8},"end":{"line":30,"column":11}},"8":{"start":{"line":35,"column":4},"end":{"line":35,"column":20}},"9":{"start":{"line":39,"column":4},"end":{"line":39,"column":25}},"10":{"start":{"line":43,"column":17},"end":{"line":43,"column":75}},"11":{"start":{"line":43,"column":37},"end":{"line":43,"column":68}},"12":{"start":{"line":43,"column":71},"end":{"line":43,"column":75}},"13":{"start":{"line":44,"column":4},"end":{"line":51,"column":64}},"14":{"start":{"line":46,"column":8},"end":{"line":48,"column":80}},"15":{"start":{"line":48,"column":11},"end":{"line":48,"column":78}},"16":{"start":{"line":47,"column":11},"end":{"line":47,"column":64}},"17":{"start":{"line":47,"column":24},"end":{"line":47,"column":64}},"18":{"start":{"line":48,"column":31},"end":{"line":48,"column":78}},"19":{"start":{"line":50,"column":22},"end":{"line":50,"column":71}},"20":{"start":{"line":51,"column":21},"end":{"line":51,"column":62}},"21":{"start":{"line":55,"column":4},"end":{"line":59,"column":6}}},"fnMap":{"1":{"name":null,"line":27,"loc":{"start":{"line":27,"column":12},"end":{"line":31,"column":7}}},"2":{"name":null,"line":45,"loc":{"start":{"line":45,"column":14},"end":{"line":49,"column":7}}},"3":{"name":null,"line":50,"loc":{"start":{"line":50,"column":12},"end":{"line":50,"column":71}}},"4":{"name":null,"line":51,"loc":{"start":{"line":51,"column":11},"end":{"line":51,"column":62}}}},"branchMap":{"1":{"line":25,"type":"binary-expr","locations":[{"start":{"line":25,"column":12},"end":{"line":25,"column":17}},{"start":{"line":25,"column":12},"end":{"line":25,"column":17}}]},"2":{"line":43,"type":"cond-expr","locations":[{"start":{"line":43,"column":17},"end":{"line":43,"column":75}},{"start":{"line":43,"column":17},"end":{"line":43,"column":75}}]},"3":{"line":46,"type":"binary-expr","locations":[{"start":{"line":46,"column":15},"end":{"line":47,"column":65}},{"start":{"line":46,"column":15},"end":{"line":47,"column":65}}]},"4":{"line":46,"type":"binary-expr","locations":[{"start":{"line":46,"column":15},"end":{"line":46,"column":22}},{"start":{"line":46,"column":15},"end":{"line":46,"column":22}}]},"5":{"line":47,"type":"binary-expr","locations":[{"start":{"line":47,"column":11},"end":{"line":47,"column":20}},{"start":{"line":47,"column":11},"end":{"line":47,"column":20}}]},"6":{"line":48,"type":"binary-expr","locations":[{"start":{"line":48,"column":11},"end":{"line":48,"column":27}},{"start":{"line":48,"column":11},"end":{"line":48,"column":27}}]}},"hash":"fb1723c12b1bc61eebbef73bff95a85e","l":{"5":2,"12":2,"19":0,"25":0,"26":0,"28":0,"35":0,"39":0,"43":0,"44":0,"46":0,"47":0,"48":0,"50":0,"51":0,"55":0}},
"/Users/kdodds/Developer/react-example/app/screens/User/index.js":{"path":"/Users/kdodds/Developer/react-example/app/screens/User/index.js","s":{"1":1,"2":0,"3":0,"4":0},"b":{},"f":{},"statementMap":{"1":{"start":{"line":6,"column":0},"end":{"line":36,"column":3}},"2":{"start":{"line":8,"column":4},"end":{"line":10,"column":6}},"3":{"start":{"line":14,"column":4},"end":{"line":16,"column":7}},"4":{"start":{"line":21,"column":4},"end":{"line":34,"column":6}}},"fnMap":{},"branchMap":{},"hash":"c5a5b4bb3fa5dd244b61ef0cba28c8ef","l":{"6":1,"8":0,"14":0,"21":0}}}
