TN:
SF:/Users/kdodds/Developer/react-example/app/screens/Home/index.js
FN:23,
FN:23,
FN:23,
FN:23,
FN:23,
FN:23,
FNF:6
FNH:0
FNDA:0,
FNDA:0,
FNDA:0,
FNDA:0,
FNDA:0,
FNDA:0,
DA:3,1
DA:9,0
DA:10,0
DA:14,0
DA:23,0
LF:5
LH:1
BRF:0
BRH:0
end_of_record
TN:
SF:/Users/kdodds/Developer/react-example/app/screens/User/components/ProfileStat.js
FNF:0
FNH:0
DA:3,3
DA:10,0
LF:2
LH:1
BRF:0
BRH:0
end_of_record
TN:
SF:/Users/kdodds/Developer/react-example/app/screens/User/components/Profile.js
FN:30,
FN:47,
FNF:2
FNH:0
FNDA:0,
FNDA:0,
DA:6,2
DA:12,2
DA:18,0
DA:25,0
DA:26,0
DA:31,0
DA:39,0
DA:43,0
DA:47,0
DA:48,0
DA:59,0
DA:60,0
LF:12
LH:2
BRDA:25,1,0,0
BRDA:25,1,1,0
BRF:2
BRH:0
end_of_record
TN:
SF:/Users/kdodds/Developer/react-example/app/screens/User/components/RepoFilter.js
FN:25,
FN:25,
FN:25,
FNF:3
FNH:0
FNDA:0,
FNDA:0,
FNDA:0,
DA:3,2
DA:9,2
DA:15,0
DA:19,0
DA:25,0
LF:5
LH:2
BRF:0
BRH:0
end_of_record
TN:
SF:/Users/kdodds/Developer/react-example/app/screens/User/components/RepoListItem.js
FNF:0
FNH:0
DA:4,3
DA:10,3
DA:16,0
DA:17,0
LF:4
LH:2
BRF:0
BRH:0
end_of_record
TN:
SF:/Users/kdodds/Developer/react-example/app/screens/User/components/RepoList.js
FN:27,
FN:45,
FN:50,
FN:51,
FNF:4
FNH:0
FNDA:0,
FNDA:0,
FNDA:0,
FNDA:0,
DA:5,2
DA:12,2
DA:19,0
DA:25,0
DA:26,0
DA:28,0
DA:35,0
DA:39,0
DA:43,0
DA:44,0
DA:46,0
DA:47,0
DA:48,0
DA:50,0
DA:51,0
DA:55,0
LF:16
LH:2
BRDA:25,1,0,0
BRDA:25,1,1,0
BRDA:43,2,0,0
BRDA:43,2,1,0
BRDA:46,3,0,0
BRDA:46,3,1,0
BRDA:46,4,0,0
BRDA:46,4,1,0
BRDA:47,5,0,0
BRDA:47,5,1,0
BRDA:48,6,0,0
BRDA:48,6,1,0
BRF:12
BRH:0
end_of_record
TN:
SF:/Users/kdodds/Developer/react-example/app/screens/User/index.js
FNF:0
FNH:0
DA:6,1
DA:8,0
DA:14,0
DA:21,0
LF:4
LH:1
BRF:0
BRH:0
end_of_record
